"../../../Engine/Content/Functions/Engine_MaterialFunctions01/Shading/PowerToRoughness.uasset" 0
"../../../Engine/Content/Functions/Engine_MaterialFunctions01/Shading/ConvertFromDiffSpec.uasset" 1
"../../../Engine/Content/EngineMaterials/DefaultDiffuse.uasset" 2
"../../../Engine/Content/EngineMaterials/DefaultDeferredDecalMaterial.uasset" 3
"../../../Engine/Content/EngineMaterials/DefaultLightFunctionMaterial.uasset" 4
"../../../Engine/Content/Functions/Engine_MaterialFunctions02/Utility/BreakOutFloat2Components.uasset" 5
"../../../Engine/Content/EngineMaterials/DefaultPostProcessMaterial.uasset" 6
"../../../Engine/Content/EditorMaterials/Camera/CineMat.uasset" 7
"../../../Engine/Content/EditorMaterials/Camera/MI_CineMat_Rig.uasset" 8
"../../../Engine/Content/EditorMeshes/Camera/SM_CraneRig_Base.uasset" 9
"../../../Engine/Content/EditorMeshes/Camera/SM_CraneRig_Arm.uasset" 10
"../../../Engine/Content/EditorMeshes/Camera/SM_CraneRig_Mount.uasset" 11
"../../../Engine/Content/EditorMeshes/Camera/SM_CraneRig_Body.uasset" 12
"../../../Engine/Content/EditorMeshes/Camera/SM_RailRig_Track.uasset" 13
"../../../Engine/Content/EditorMeshes/Camera/SM_RailRig_Mount.uasset" 14
"../../../Engine/Content/EngineResources/AICON-Red.uasset" 15
"../../../Engine/Content/EngineResources/AICON-Green.uasset" 16
"../../../Engine/Content/EngineFonts/Roboto.uasset" 17
"../../../Engine/Content/EngineResources/DefaultTexture.uasset" 18
"../../../Engine/Content/Functions/Engine_MaterialFunctions01/Texturing/ScaleUVsByCenter.uasset" 19
"../../../Engine/Content/Functions/Engine_MaterialFunctions02/ScreenResolution.uasset" 20
"../../../Engine/Content/Functions/Engine_MaterialFunctions02/Texturing/ScreenAlignedUVs.uasset" 21
"../../../Engine/Content/EngineResources/WhiteSquareTexture.uasset" 22
"../../../Engine/Content/EngineMaterials/Widget3DPassThrough.uasset" 23
"../../../Engine/Content/EngineMaterials/Widget3DPassThrough_Translucent.uasset" 24
"../../../Engine/Content/EngineMaterials/Widget3DPassThrough_Translucent_OneSided.uasset" 25
"../../../Engine/Content/EngineMaterials/Widget3DPassThrough_Opaque.uasset" 26
"../../../Engine/Content/EngineMaterials/Widget3DPassThrough_Opaque_OneSided.uasset" 27
"../../../Engine/Content/EngineMaterials/Widget3DPassThrough_Masked.uasset" 28
"../../../Engine/Content/EngineMaterials/Widget3DPassThrough_Masked_OneSided.uasset" 29
"../../../Engine/Content/EditorResources/S_Actor.uasset" 30
"../../../Engine/Content/EditorMaterials/AssetViewer/EpicQuadPanorama_CC+EV1.uasset" 31
"../../../Engine/Content/EditorResources/RGBTable16x1_AssetViewer.uasset" 32
"../../../Engine/Content/Maps/Templates/Thumbnails/Default.uasset" 33
"../../../Engine/Content/Maps/Templates/Thumbnails/VR-Basic.uasset" 34
"../../../Engine/Content/EditorMaterials/ParticleSystems/PSysThumbnail_NoImage.uasset" 35
"../../../Engine/Content/EditorMaterials/ParticleSystems/PSysThumbnail_OOD.uasset" 36
"../../../Engine/Content/EditorLandscapeResources/DataLayer.uasset" 37
"../../../Engine/Content/EngineDamageTypes/DmgTypeBP_Environmental.uasset" 38
"../../../Engine/Content/EngineMeshes/Sphere.uasset" 39
"../../../Engine/Content/EngineFonts/RobotoDistanceField.uasset" 40
"../../../Engine/Content/EngineMaterials/DefaultTextMaterialOpaque.uasset" 41
"../../../Engine/Content/EditorResources/S_Trigger.uasset" 42
"../../../Engine/Content/EngineResources/GradientTexture0.uasset" 43
"../../../Engine/Content/EngineResources/Black.uasset" 44
"../../../Engine/Content/EditorMaterials/MatineeGroups/MAT_Groups_Float.uasset" 45
"../../../Engine/Content/EditorMaterials/MatineeGroups/MAT_Groups_Director.uasset" 46
"../../../Engine/Content/EditorMaterials/MatineeGroups/MAT_Groups_Event.uasset" 47
"../../../Engine/Content/EditorMaterials/MatineeGroups/MAT_Groups_Anim.uasset" 48
"../../../Engine/Content/EditorMaterials/MatineeGroups/MAT_Groups_Fade.uasset" 49
"../../../Engine/Content/EditorMaterials/MatineeGroups/MAT_Groups_Move.uasset" 50
"../../../Engine/Content/EditorMaterials/MatineeGroups/MAT_Groups_Slomo.uasset" 51
"../../../Engine/Content/EditorMaterials/MatineeGroups/MAT_ColorTrack.uasset" 52
"../../../Engine/Content/EditorMaterials/MAT_Groups_Toggle.uasset" 53
"../../../Engine/Content/EditorMaterials/MatineeGroups/MAT_Groups_AudioMaster.uasset" 54
"../../../Engine/Content/EditorMaterials/MatineeGroups/MAT_Groups_Sound.uasset" 55
"../../../Engine/Content/EditorMaterials/MatineeGroups/MAT_Groups_Vector.uasset" 56
"../../../Engine/Content/EditorMaterials/MAT_Groups_Visibility.uasset" 57
"../../../Engine/Content/EngineResources/DefaultTextureCube.uasset" 58
"../../../Engine/Content/Functions/Engine_MaterialFunctions01/Opacity/CameraDepthFade.uasset" 59
"../../../Engine/Content/EngineMaterials/T_Default_Material_Grid_M.uasset" 60
"../../../Engine/Content/EngineMaterials/T_Default_Material_Grid_N.uasset" 61
"../../../Engine/Content/EngineMaterials/DefaultMaterial.uasset" 62
"../../../Engine/Content/EngineMeshes/Cylinder.uasset" 63
"../../../Engine/Content/EngineTireTypes/DefaultTireType.uasset" 64
"../../../Engine/Content/VREditor/LaserPointer/VR_LaserPower_01.uasset" 65
"../../../Engine/Content/VREditor/TransformGizmo/TransformGizmoMaterial.uasset" 66
"../../../Engine/Content/VREditor/TransformGizmo/TranslucentTransformGizmoMaterial.uasset" 67
"../../../Engine/Content/VREditor/TransformGizmo/UniformScaleHandle.uasset" 68
"../../../Engine/Content/VREditor/TransformGizmo/TranslateHandleLong.uasset" 69
"../../../Engine/Content/VREditor/TransformGizmo/PlaneTranslationHandle.uasset" 70
"../../../Engine/Content/VREditor/TransformGizmo/RotationHandleFull.uasset" 71
"../../../Engine/Content/VREditor/TransformGizmo/StretchingHandle.uasset" 72
"../../../Engine/Content/VREditor/TransformGizmo/BoundingBoxCorner.uasset" 73
"../../../Engine/Content/VREditor/TransformGizmo/BoundingBoxEdge.uasset" 74
"../../../Engine/Content/VREditor/UI/SelectionBarMesh.uasset" 75
"../../../Engine/Content/VREditor/UI/CloseButtonMesh.uasset" 76
"../../../Engine/Content/VREditor/FloatingText/LineMaterial.uasset" 77
"../../../Engine/Content/VREditor/FloatingText/LineSegmentCylinder.uasset" 78
"../../../Engine/Content/VREditor/FloatingText/JointSphere.uasset" 79
"../../../Engine/Content/VREditor/Fonts/VRText_RobotoLarge.uasset" 80
"../../../Engine/Content/VREditor/Fonts/VRTextMaterial.uasset" 81
"../../../Engine/Content/VREditor/Fonts/TranslucentVRTextMaterial.uasset" 82
"../../../Engine/Content/VREditor/TransformGizmo/TranslationHandle.uasset" 83
"../../../Engine/Content/VREditor/TransformGizmo/RotationHandle.uasset" 84
"../../../Engine/Content/VREditor/Devices/Generic/GenericHMDMaterial.uasset" 85
"../../../Engine/Content/VREditor/Devices/Generic/GenericHMD.uasset" 86
"../../../Engine/Content/Functions/Engine_MaterialFunctions01/Gradient/RadialGradient.uasset" 87
"../../../Engine/Content/EditorLandscapeResources/FlattenHeightMat.uasset" 88
"../../../Engine/Content/VREditor/WorldMovementGrid/PlaneMesh.uasset" 89
"../../../Engine/Content/VREditor/WorldMovementGrid/SimpleGrid.uasset" 90
"../../../Engine/Content/VREditor/WorldMovementGrid/GridMaterial.uasset" 91
"../../../Engine/Content/VREditor/LaserPointer/LaserPointerMaterial.uasset" 92
"../../../Engine/Content/VREditor/LaserPointer/LaserPointerMaterialInst.uasset" 93
"../../../Engine/Content/VREditor/LaserPointer/TranslucentLaserPointerMaterialInst.uasset" 94
"../../../Engine/Content/VREditor/LaserPointer/LaserPointerMesh.uasset" 95
"../../../Engine/Content/Functions/Engine_MaterialFunctions01/Density/ExponentialDensity.uasset" 96
"../../../Engine/Content/VREditor/WorldMovementGrid/GridPostProcess.uasset" 97
"../../../Engine/Content/VREditor/Sounds/VR_teleport_Cue.uasset" 98
"../../../Engine/Content/VREditor/Sounds/VR_grab_Cue.uasset" 99
"../../../Engine/Content/Tutorial/ContentIntroCurve.uasset" 100
"../../../Engine/Plugins/2D/Paper2D/Content/PlaceholderTextures/DummySpriteTexture.uasset" 101
"../../../Engine/Plugins/2D/Paper2D/Content/DefaultSpriteMaterial.uasset" 102
"../../../Engine/Plugins/2D/Paper2D/Content/MaskedUnlitSpriteMaterial.uasset" 103
"../../../Engine/Plugins/2D/Paper2D/Content/OpaqueUnlitSpriteMaterial.uasset" 104
"../../../Engine/Plugins/2D/Paper2D/Content/DummySprite.uasset" 105
"../../../Engine/Plugins/2D/Paper2D/Content/DefaultPaperTerrainMaterial.uasset" 106
"../../../Engine/Content/EngineMaterials/WorldGridMaterial.uasset" 107
"../../../Engine/Content/BasicShapes/Cube.uasset" 108
"../../../Engine/Content/BasicShapes/Sphere.uasset" 109
"../../../Engine/Content/BasicShapes/Cylinder.uasset" 110
"../../../Engine/Content/BasicShapes/Cone.uasset" 111
"../../../CodeAI/Content/Textures/Radar.uasset" 112
"../../../CodeAI/Content/ThirdPersonCPP/Blueprints/MyPlayerHUD.uasset" 113
"../../../Engine/Content/EngineMaterials/RemoveSurfaceMaterial.uasset" 114
"../../../Engine/Content/EngineDebugMaterials/DebugMeshMaterial.uasset" 115
"../../../Engine/Content/EngineMaterials/InvalidLightmapSettings.uasset" 116
"../../../Engine/Content/EngineMaterials/M_InvalidLightmapSettings.uasset" 117
"../../../Engine/Content/EditorMaterials/GizmoMaterial.uasset" 118
"../../../Engine/Content/EngineMaterials/PhAT_JointLimitMaterial.uasset" 119
"../../../Engine/Content/EngineMaterials/Good64x64TilingNoiseHighFreq.uasset" 120
"../../../Engine/Content/EngineMaterials/DefaultBokeh.uasset" 121
"../../../Engine/Content/EngineMaterials/PreintegratedSkinBRDF.uasset" 122
"../../../Engine/Content/EngineMaterials/MiniFont.uasset" 123
"../../../Engine/Content/EngineMaterials/WeightMapPlaceholderTexture.uasset" 124
"../../../Engine/Content/EngineMaterials/DefaultWhiteGrid.uasset" 125
"../../../Engine/Content/EngineMaterials/DefaultPhysicalMaterial.uasset" 126
"../../../Engine/Content/EngineFonts/RobotoTiny.uasset" 127
"../../../Engine/Content/EditorSounds/Notifications/CompileSuccess.uasset" 128
"../../../Engine/Content/EditorSounds/Notifications/CompileStart_Cue.uasset" 129
"../../../Engine/Content/EditorSounds/Notifications/CompileSuccess_Cue.uasset" 130
"../../../Engine/Content/EditorSounds/Notifications/CompileFailed.uasset" 131
"../../../Engine/Content/EditorSounds/Notifications/CompileFailed_Cue.uasset" 132
"../../../Engine/Content/EditorResources/AudioIcons/S_AudioComponent.uasset" 133
"../../../Engine/Content/EditorResources/AudioIcons/S_AudioComponent_AutoActivate.uasset" 134
"../../../Engine/Content/MobileResources/HUD/MobileHUDDirectionPad.uasset" 135
"../../../Engine/Content/MobileResources/HUD/T_Castle_ThumbstickOutter.uasset" 136
"../../../Engine/Content/MobileResources/HUD/MobileHUDDirectionStick.uasset" 137
"../../../CodeAI/Content/AnimStarterPack/UE4_Mannequin/Mesh/UE4_Mannequin_Skeleton.uasset" 138
"../../../CodeAI/Content/AnimStarterPack/Aim_Space_Hip.uasset" 139
"../../../CodeAI/Content/AnimStarterPack/Aim_Space_Ironsights.uasset" 140
"../../../CodeAI/Content/AnimStarterPack/Crouch_to_Stand_Rifle_Hip.uasset" 141
"../../../CodeAI/Content/AnimStarterPack/Crouch_to_Stand_Rifle_Ironsights.uasset" 142
"../../../CodeAI/Content/AnimStarterPack/Crouch_Walk_Bwd_Rifle_Ironsights.uasset" 143
"../../../CodeAI/Content/AnimStarterPack/Crouch_Walk_Lt_Rifle_Ironsights.uasset" 144
"../../../CodeAI/Content/AnimStarterPack/Crouch_Walk_Rt_Rifle_Ironsights.uasset" 145
"../../../CodeAI/Content/AnimStarterPack/Death_Ironsights_1.uasset" 146
"../../../CodeAI/Content/AnimStarterPack/Death_Ironsights_2.uasset" 147
"../../../CodeAI/Content/AnimStarterPack/Equip_Rifle_Standing.uasset" 148
"../../../CodeAI/Content/AnimStarterPack/Fire_Rifle_Hip.uasset" 149
"../../../CodeAI/Content/AnimStarterPack/Fire_Shotgun_Hip.uasset" 150
"../../../CodeAI/Content/AnimStarterPack/Fire_Shotgun_Ironsights.uasset" 151
"../../../CodeAI/Content/AnimStarterPack/Idle_Rifle_Hip.uasset" 152
"../../../CodeAI/Content/AnimStarterPack/Idle_Rifle_Ironsights.uasset" 153
"../../../CodeAI/Content/AnimStarterPack/Jump_From_Stand_Ironsights.uasset" 154
"../../../CodeAI/Content/AnimStarterPack/Prone_Death_1.uasset" 155
"../../../CodeAI/Content/AnimStarterPack/Prone_Death_2.uasset" 156
"../../../CodeAI/Content/AnimStarterPack/Prone_Fire_1.uasset" 157
"../../../CodeAI/Content/AnimStarterPack/Prone_Fire_2.uasset" 158
"../../../CodeAI/Content/AnimStarterPack/Prone_Reload_Rifle.uasset" 159
"../../../CodeAI/Content/AnimStarterPack/Prone_Reload_Shotgun.uasset" 160
"../../../CodeAI/Content/AnimStarterPack/Reload_Pistol.uasset" 161
"../../../CodeAI/Content/AnimStarterPack/Reload_Rifle_Ironsights.uasset" 162
"../../../CodeAI/Content/AnimStarterPack/Reload_Shotgun_Hip.uasset" 163
"../../../CodeAI/Content/AnimStarterPack/Reload_Shotgun_Ironsights.uasset" 164
"../../../CodeAI/Content/AnimStarterPack/Stand_To_Prone.uasset" 165
"../../../CodeAI/Content/AnimStarterPack/StandToProne_Montage.uasset" 166
"../../../CodeAI/Content/AnimStarterPack/Stand_to_Crouch_Rifle_Hip.uasset" 167
"../../../CodeAI/Content/AnimStarterPack/Stand_to_Crouch_Rifle_Ironsights.uasset" 168
"../../../CodeAI/Content/AnimStarterPack/Walk_Bwd_Rifle_Ironsights.uasset" 169
"../../../CodeAI/Content/AnimStarterPack/Walk_Lt_Rifle_Ironsights.uasset" 170
"../../../CodeAI/Content/AnimStarterPack/Walk_Rt_Rifle_Ironsights.uasset" 171
"../../../CodeAI/Content/AnimStarterPack/Cover/Cover_Left_Aim.uasset" 172
"../../../CodeAI/Content/AnimStarterPack/Cover/Cover_Left_Look.uasset" 173
"../../../CodeAI/Content/AnimStarterPack/Cover/Cover_Left_Look_X.uasset" 174
"../../../CodeAI/Content/AnimStarterPack/Cover/Cover_L_Aim.uasset" 175
"../../../CodeAI/Content/AnimStarterPack/Cover/Cover_Right_Aim.uasset" 176
"../../../CodeAI/Content/AnimStarterPack/Cover/Cover_Right_Look.uasset" 177
"../../../CodeAI/Content/AnimStarterPack/Cover/Cover_Right_Look_X.uasset" 178
"../../../CodeAI/Content/AnimStarterPack/Cover/cover_R_Aim.uasset" 179
"../../../CodeAI/Content/AnimStarterPack/Cover/cover_R_AimX.uasset" 180
"../../../CodeAI/Content/Audio/DeathGunshot.uasset" 181
"../../../CodeAI/Content/Audio/Hey.uasset" 182
"../../../CodeAI/Content/Audio/PlayerFootStep.uasset" 183
"../../../CodeAI/Content/Fonts/METAG___.uasset" 184
"../../../CodeAI/Content/Fonts/MGS2.uasset" 185
"../../../CodeAI/Content/Fonts/Tactical_Espionage_Action.uasset" 186
"../../../CodeAI/Content/Geometry/Meshes/CubeMaterial.uasset" 187
"../../../CodeAI/Content/Geometry/Meshes/1M_Cube_Chamfer.uasset" 188
"../../../CodeAI/Content/Geometry/Meshes/TemplateFloor.uasset" 189
"../../../CodeAI/Content/Mannequin/Character/Mesh/UE4_Mannequin_Skeleton.uasset" 190
"../../../CodeAI/Content/Mannequin/Animations/ThirdPersonJump_End.uasset" 191
"../../../CodeAI/Content/Mannequin/Animations/ThirdPerson_Jump.uasset" 192
"../../../CodeAI/Content/Mannequin/Animations/ThirdPersonJump_Loop.uasset" 193
"../../../CodeAI/Content/Mannequin/Animations/ThirdPersonJump_Start.uasset" 194
"../../../CodeAI/Content/Mannequin/Animations/ThirdPersonIdle.uasset" 195
"../../../CodeAI/Content/Mannequin/Animations/ThirdPersonRun.uasset" 196
"../../../CodeAI/Content/Mannequin/Animations/ThirdPersonWalk.uasset" 197
"../../../CodeAI/Content/Mannequin/Animations/ThirdPerson_IdleRun_2D.uasset" 198
"../../../Engine/Content/EditorBlueprintResources/StandardMacros.uasset" 199
"../../../CodeAI/Content/StarterContent/Audio/Explosion02.uasset" 200
"../../../CodeAI/Content/Mannequin/Animations/ThirdPerson_AnimBP.uasset" 201
"../../../CodeAI/Content/Models/pCone1Mat.uasset" 202
"../../../CodeAI/Content/Models/pPlane1Mat.uasset" 203
"../../../CodeAI/Content/Models/Diamond_00.uasset" 204
"../../../Engine/Content/MobileResources/HUD/MobileHUDDirectionPad3.uasset" 205
"../../../CodeAI/Content/Models/M4A1/Tex_0011_1.uasset" 206
"../../../CodeAI/Content/Models/M4A1/Tex_0011_1_dds.uasset" 207
"../../../CodeAI/Content/Models/M4A1/Tex_0011_1_dds2.uasset" 208
"../../../CodeAI/Content/Models/M4A1/Tex_0011_1_dds3.uasset" 209
"../../../CodeAI/Content/Models/M4A1/Tex_0011_3.uasset" 210
"../../../CodeAI/Content/Models/M4A1/Tex_0011_5.uasset" 211
"../../../CodeAI/Content/Models/M4A1/Tex_0012_1.uasset" 212
"../../../CodeAI/Content/Models/M4A1/Tex_0012_3.uasset" 213
"../../../CodeAI/Content/StarterContent/Materials/M_Basic_Wall.uasset" 214
"../../../CodeAI/Content/StarterContent/Architecture/Pillar_50x500.uasset" 215
"../../../CodeAI/Content/StarterContent/Architecture/Wall_400x300.uasset" 216
"../../../CodeAI/Content/StarterContent/Architecture/Wall_400x400.uasset" 217
"../../../CodeAI/Content/StarterContent/Architecture/Wall_500x500.uasset" 218
"../../../CodeAI/Content/StarterContent/Architecture/Wall_Door_400x400.uasset" 219
"../../../CodeAI/Content/StarterContent/Architecture/Wall_Window_400x400.uasset" 220
"../../../CodeAI/Content/StarterContent/Audio/Light01_Cue.uasset" 221
"../../../CodeAI/Content/StarterContent/Audio/Light02_Cue.uasset" 222
"../../../Engine/Content/EditorResources/LightIcons/S_LightError.uasset" 223
"../../../Engine/Content/EditorResources/EmptyActor.uasset" 224
"../../../CodeAI/Content/StarterContent/Audio/Explosion_Cue.uasset" 225
"../../../CodeAI/Content/StarterContent/Textures/T_Burst_M.uasset" 226
"../../../CodeAI/Content/StarterContent/Particles/Materials/M_Burst.uasset" 227
"../../../CodeAI/Content/StarterContent/Textures/T_Explosion_SubUV.uasset" 228
"../../../CodeAI/Content/StarterContent/Particles/Materials/M_explosion_subUV.uasset" 229
"../../../CodeAI/Content/StarterContent/Particles/Materials/m_flare_01.uasset" 230
"../../../CodeAI/Content/StarterContent/Particles/Materials/M_radial_ramp.uasset" 231
"../../../CodeAI/Content/StarterContent/Textures/T_Smoke_SubUV.uasset" 232
"../../../CodeAI/Content/StarterContent/Textures/T_Smoke_Tiled_D.uasset" 233
"../../../CodeAI/Content/StarterContent/Particles/Materials/M_smoke_subUV.uasset" 234
"../../../CodeAI/Content/StarterContent/Particles/P_Explosion.uasset" 235
"../../../CodeAI/Content/StarterContent/Blueprints/Blueprint_Effect_Explosion.uasset" 236
"../../../Engine/Content/EditorMeshes/ColorCalibrator/T_ColorGrid.uasset" 237
"../../../CodeAI/Content/StarterContent/Materials/M_ColorGrid_LowSpec.uasset" 238
"../../../CodeAI/Content/StarterContent/Textures/T_Bush_D.uasset" 239
"../../../CodeAI/Content/StarterContent/Textures/T_Bush_N.uasset" 240
"../../../CodeAI/Content/StarterContent/Props/Materials/M_Bush.uasset" 241
"../../../CodeAI/Content/StarterContent/Props/SM_Bush.uasset" 242
"../../../CodeAI/Content/StarterContent/Textures/T_Chair_M.uasset" 243
"../../../CodeAI/Content/StarterContent/Textures/T_Chair_N.uasset" 244
"../../../CodeAI/Content/StarterContent/Props/Materials/M_Chair.uasset" 245
"../../../CodeAI/Content/StarterContent/Props/SM_Couch.uasset" 246
"../../../CodeAI/Content/StarterContent/Materials/M_Glass.uasset" 247
"../../../CodeAI/Content/StarterContent/Textures/T_Door_M.uasset" 248
"../../../CodeAI/Content/StarterContent/Textures/T_Door_N.uasset" 249
"../../../CodeAI/Content/StarterContent/Props/Materials/M_Door.uasset" 250
"../../../CodeAI/Content/StarterContent/Props/SM_Door.uasset" 251
"../../../CodeAI/Content/StarterContent/Props/Materials/M_MaterialSphere.uasset" 252
"../../../CodeAI/Content/StarterContent/Props/Materials/M_MaterialSphere_Plain.uasset" 253
"../../../CodeAI/Content/StarterContent/Props/SM_MatPreviewMesh_02.uasset" 254
"../../../Engine/Content/Functions/Engine_MaterialFunctions02/Utility/BlendAngleCorrectedNormals.uasset" 255
"../../../CodeAI/Content/StarterContent/Textures/T_Detail_Rocky_N.uasset" 256
"../../../CodeAI/Content/StarterContent/Textures/T_Rock_Basalt_D.uasset" 257
"../../../CodeAI/Content/StarterContent/Textures/T_RockMesh_M.uasset" 258
"../../../CodeAI/Content/StarterContent/Textures/T_RockMesh_N.uasset" 259
"../../../CodeAI/Content/StarterContent/Props/Materials/M_Rock.uasset" 260
"../../../CodeAI/Content/StarterContent/Props/SM_Rock.uasset" 261
"../../../CodeAI/Content/StarterContent/Textures/T_Shelf_M.uasset" 262
"../../../CodeAI/Content/StarterContent/Textures/T_Shelf_N.uasset" 263
"../../../CodeAI/Content/StarterContent/Props/Materials/M_Shelf.uasset" 264
"../../../CodeAI/Content/StarterContent/Props/SM_Shelf.uasset" 265
"../../../CodeAI/Content/StarterContent/Materials/M_Basic_Floor.uasset" 266
"../../../CodeAI/Content/StarterContent/Props/SM_Stairs.uasset" 267
"../../../CodeAI/Content/StarterContent/Shapes/Shape_Cone.uasset" 268
"../../../CodeAI/Content/StarterContent/Shapes/Shape_Cylinder.uasset" 269
"../../../CodeAI/Content/StarterContent/Shapes/Shape_NarrowCapsule.uasset" 270
"../../../CodeAI/Content/StarterContent/Shapes/Shape_Pipe.uasset" 271
"../../../CodeAI/Content/StarterContent/Shapes/Shape_Pipe_180.uasset" 272
"../../../CodeAI/Content/StarterContent/Shapes/Shape_Pipe_90.uasset" 273
"../../../CodeAI/Content/StarterContent/Shapes/Shape_Plane.uasset" 274
"../../../CodeAI/Content/StarterContent/Shapes/Shape_Torus.uasset" 275
"../../../CodeAI/Content/StarterContent/Shapes/Shape_Trim.uasset" 276
"../../../CodeAI/Content/StarterContent/Shapes/Shape_Trim_90_In.uasset" 277
"../../../CodeAI/Content/StarterContent/Shapes/Shape_Trim_90_Out.uasset" 278
"../../../CodeAI/Content/StarterContent/Shapes/Shape_TriPyramid.uasset" 279
"../../../CodeAI/Content/StarterContent/Shapes/Shape_Tube.uasset" 280
"../../../CodeAI/Content/StarterContent/Shapes/Shape_Wedge_A.uasset" 281
"../../../CodeAI/Content/StarterContent/Shapes/Shape_Wedge_B.uasset" 282
"../../../CodeAI/Content/StarterContent/Shapes/Shape_WideCapsule.uasset" 283
"../../../CodeAI/Content/ThirdPerson/Meshes/RampMaterial.uasset" 284
"../../../CodeAI/Content/ThirdPerson/Meshes/Bump_StaticMesh.uasset" 285
"../../../CodeAI/Content/ThirdPerson/Meshes/LeftArm_StaticMesh.uasset" 286
"../../../CodeAI/Content/ThirdPerson/Meshes/Linear_Stair_StaticMesh.uasset" 287
"../../../CodeAI/Content/ThirdPerson/Meshes/Ramp_StaticMesh.uasset" 288
"../../../CodeAI/Content/ThirdPerson/Meshes/RightArm_StaticMesh.uasset" 289
"../../../CodeAI/Content/Audio/ItemFailed.uasset" 290
"../../../CodeAI/Content/Audio/ItemPickedUp.uasset" 291
"../../../CodeAI/Content/Geometry/Meshes/1M_Cube.uasset" 292
"../../../CodeAI/Content/Fonts/MGS2MENU.uasset" 293
"../../../CodeAI/Content/ThirdPersonCPP/Blueprints/UMG/ItemText.uasset" 294
"../../../CodeAI/Content/ThirdPersonCPP/Blueprints/GameItems/BaseClasses/GameItem_BP.uasset" 295
"../../../Engine/Content/EditorMaterials/PreviewShadowIndicator.uasset" 296
"../../../Engine/Content/EditorMaterials/PreviewShadowIndicatorMaterial.uasset" 297
"../../../Engine/Content/EditorResources/BSPVertex.uasset" 298
"../../../Engine/Content/EngineDebugMaterials/HeatmapGradient.uasset" 299
"../../../Engine/Content/EngineDebugMaterials/BoneWeightMaterial.uasset" 300
"../../../Engine/Content/EngineDebugMaterials/GeomMaterial.uasset" 301
"../../../Engine/Content/EngineMaterials/EditorBrushMaterial.uasset" 302
"../../../Engine/Content/EngineMeshes/Cube.uasset" 303
"../../../Engine/Content/MobileResources/T_MobileControls_texture.uasset" 304
"../../../Engine/Content/MobileResources/T_MobileMenu2.uasset" 305
"../../../Engine/Content/MobileResources/HUD/AnalogHat.uasset" 306
"../../../Engine/Content/MobileResources/HUD/VirtualJoystick_Background.uasset" 307
"../../../Engine/Content/MobileResources/HUD/VirtualJoystick_Thumb.uasset" 308
"../../../Engine/Content/MobileResources/HUD/DefaultVirtualJoysticks.uasset" 309
"../../../Engine/Content/MobileResources/HUD/LeftVirtualJoystickOnly.uasset" 310
"../../../Engine/Content/MobileResources/HUD/MobileHUDButton1_off.uasset" 311
"../../../Engine/Content/MobileResources/HUD/MobileHUDButton1_on.uasset" 312
"../../../Engine/Content/MobileResources/HUD/MobileHUDButton2_off.uasset" 313
"../../../Engine/Content/MobileResources/HUD/MobileHUDButton2_on.uasset" 314
"../../../Engine/Content/MobileResources/HUD/MobileHUDButton3.uasset" 315
"../../../Engine/Content/MobileResources/HUD/MobileHUDButtonFire.uasset" 316
"../../../Engine/Content/MobileResources/HUD/MobileHUDDirectionPad2.uasset" 317
"../../../Engine/Content/MobileResources/HUD/T_Castle_ThumbstickInner.uasset" 318
"../../../Engine/Content/Tutorial/Basics/TutorialAssets/icon_tab_Levels_40x.uasset" 319
"../../../Engine/Content/Tutorial/BlueprintTutorials/TutorialAssets/BlueprintInterface_64x.uasset" 320
"../../../Engine/Content/Tutorial/BlueprintTutorials/TutorialAssets/BlueprintMacroLibrary_64x.uasset" 321
"../../../Engine/Content/Tutorial/BlueprintTutorials/TutorialAssets/Blueprint_64x.uasset" 322
"../../../Engine/Content/Tutorial/BlueprintTutorials/TutorialAssets/Tutorial_BP_Interface.uasset" 323
"../../../Engine/Content/Tutorial/Foliage/TutorialAssets/Foliage.uasset" 324
"../../../Engine/Content/Tutorial/Landscape/TutorialAssets/Landscape.uasset" 325
"../../../Engine/Content/Tutorial/Paper2D/TutorialAssets/Paper2DFlipbook_TutorialIcon.uasset" 326
"../../../Engine/Content/Tutorial/Paper2D/TutorialAssets/Paper2DSprite_TutorialIcon.uasset" 327
"../../../Engine/Content/Tutorial/SubEditors/TutorialAssets/icon_Editor_Preferences_General_40x.uasset" 328
"../../../Engine/Content/Tutorial/SubEditors/TutorialAssets/icon_ShowSkeletalMeshes_40x.uasset" 329
"../../../Engine/Content/Tutorial/SubEditors/TutorialAssets/TutorialMaterial.uasset" 330
"../../../Engine/Content/Tutorial/SubEditors/TutorialAssets/T_SmokeSubUV_8X8.uasset" 331
"../../../Engine/Content/Tutorial/SubEditors/TutorialAssets/T_soft_smoke.uasset" 332
"../../../Engine/Content/Tutorial/SubEditors/TutorialAssets/M_smoke_subUV_blackbody.uasset" 333
"../../../Engine/Content/Tutorial/SubEditors/TutorialAssets/TutorialParticleSystem.uasset" 334
"../../../Engine/Content/EditorMeshes/EditorCube.uasset" 335
"../../../Engine/Content/Tutorial/SubEditors/TutorialAssets/Tutorial_DM.uasset" 336
"../../../CodeAI/Content/StarterContent/Blueprints/Assets/FogBrightnessLUT.uasset" 337
"../../../CodeAI/Content/StarterContent/Blueprints/Assets/SunlightColorLUT.uasset" 338
"../../../CodeAI/Content/StarterContent/Blueprints/Assets/M_LightStage_Arrows.uasset" 339
"../../../Engine/Content/MapTemplates/Sky/DaylightAmbientCubemap.uasset" 340
"../../../CodeAI/Content/StarterContent/Blueprints/Assets/M_LightStage_Skybox_Master.uasset" 341
"../../../CodeAI/Content/StarterContent/Blueprints/Assets/M_LightStage_Skybox_Black.uasset" 342
"../../../CodeAI/Content/StarterContent/Blueprints/Assets/M_LightStage_Skybox_HDRI.uasset" 343
"../../../Engine/Content/EditorMaterials/Thumbnails/SkySphereMaterial.uasset" 344
"../../../CodeAI/Content/StarterContent/Blueprints/Assets/Skybox.uasset" 345
"../../../CodeAI/Content/StarterContent/Blueprints/Assets/SM_Arrows.uasset" 346
"../../../CodeAI/Content/StarterContent/HDRI/HDRI_Epic_Courtyard_Daylight.uasset" 347
"../../../CodeAI/Content/StarterContent/Blueprints/BP_LightStudio.uasset" 348
"../../../CodeAI/Content/StarterContent/Materials/M_AssetPlatform.uasset" 349
"../../../Engine/Content/EditorMeshes/ColorCalibrator/M_ChromeBall.uasset" 350
"../../../Engine/Content/EditorMeshes/ColorCalibrator/M_ClearCoat.uasset" 351
"../../../Engine/Content/EditorMeshes/ColorCalibrator/M_ClearCoatBlack.uasset" 352
"../../../Engine/Content/EditorMeshes/ColorCalibrator/M_ColorGrid.uasset" 353
"../../../Engine/Content/EditorMeshes/ColorCalibrator/M_GreyBall.uasset" 354
"../../../Engine/Content/EditorMeshes/ColorCalibrator/SM_ColorCalibrator.uasset" 355
"../../../CodeAI/Content/StarterContent/Architecture/SM_AssetPlatform.uasset" 356
"../../../CodeAI/Content/StarterContent/Maps/Advanced_Lighting.umap" 357
"../../../Engine/Content/EngineMaterials/DefaultNormal.uasset" 358
"../../../Engine/Content/Maps/Entry.umap" 359
"../../../CodeAI/Content/AnimStarterPack/Crouch_Idle_Rifle_Hip.uasset" 360
"../../../CodeAI/Content/AnimStarterPack/Crouch_Idle_Rifle_Ironsights.uasset" 361
"../../../CodeAI/Content/AnimStarterPack/Crouch_Walk_Fwd_Rifle_Ironsights.uasset" 362
"../../../CodeAI/Content/AnimStarterPack/Equip_Pistol_Standing.uasset" 363
"../../../CodeAI/Content/AnimStarterPack/Fire_Rifle_Ironsights.uasset" 364
"../../../CodeAI/Content/AnimStarterPack/Hit_React_1.uasset" 365
"../../../CodeAI/Content/AnimStarterPack/Hit_React_2.uasset" 366
"../../../CodeAI/Content/AnimStarterPack/Hit_React_3.uasset" 367
"../../../CodeAI/Content/AnimStarterPack/Idle_Rifle_Hip_Break1.uasset" 368
"../../../CodeAI/Content/AnimStarterPack/Idle_Rifle_Hip_Break2.uasset" 369
"../../../CodeAI/Content/AnimStarterPack/Reload_Rifle_Hip.uasset" 370
"../../../CodeAI/Content/AnimStarterPack/Walk_Fwd_Rifle_Ironsights.uasset" 371
"../../../Engine/Content/EngineSky/C_Sky_Cloud_Color.uasset" 372
"../../../Engine/Content/EngineSky/C_Sky_Horizon_Color.uasset" 373
"../../../Engine/Content/EngineSky/C_Sky_Zenith_Color.uasset" 374
"../../../Engine/Content/EngineSky/T_Sky_Blue.uasset" 375
"../../../Engine/Content/EngineSky/T_Sky_Clouds_M.uasset" 376
"../../../Engine/Content/EngineSky/T_Sky_Stars.uasset" 377
"../../../Engine/Content/EngineSky/M_Sky_Panning_Clouds2.uasset" 378
"../../../Engine/Content/EngineSky/SM_SkySphere.uasset" 379
"../../../Engine/Content/EngineSky/BP_Sky_Sphere.uasset" 380
"../../../Engine/Content/TemplateResources/M_Template_Master.uasset" 381
"../../../Engine/Content/TemplateResources/MI_Template_BaseGray_03_Metal.uasset" 382
"../../../Engine/Content/Functions/MaterialLayerFunctions/MatLayerBlend_AO.uasset" 383
"../../../Engine/Content/Functions/MaterialLayerFunctions/MatLayerBlend_NormalBlend.uasset" 384
"../../../Engine/Content/Functions/MaterialLayerFunctions/MatLayerBlend_Simple.uasset" 385
"../../../CodeAI/Content/AnimStarterPack/UE4_Mannequin/Materials/MaterialLayers/T_ML_Rubber_Blue_01_D.uasset" 386
"../../../CodeAI/Content/AnimStarterPack/UE4_Mannequin/Materials/MaterialLayers/T_ML_Rubber_Blue_01_N.uasset" 387
"../../../CodeAI/Content/AnimStarterPack/UE4_Mannequin/Materials/MaterialLayers/ML_GlossyBlack_Latex_UE4.uasset" 388
"../../../CodeAI/Content/AnimStarterPack/UE4_Mannequin/Materials/MaterialLayers/ML_Plastic_Shiny_Beige.uasset" 389
"../../../CodeAI/Content/AnimStarterPack/UE4_Mannequin/Textures/UE4_LOGO_CARD.uasset" 390
"../../../CodeAI/Content/AnimStarterPack/UE4_Mannequin/Materials/MaterialLayers/ML_Plastic_Shiny_Beige_LOGO.uasset" 391
"../../../CodeAI/Content/AnimStarterPack/UE4_Mannequin/Materials/MaterialLayers/T_ML_Aluminum01.uasset" 392
"../../../CodeAI/Content/AnimStarterPack/UE4_Mannequin/Materials/MaterialLayers/T_ML_Aluminum01_N.uasset" 393
"../../../CodeAI/Content/AnimStarterPack/UE4_Mannequin/Materials/MaterialLayers/ML_SoftMetal_UE4.uasset" 394
"../../../CodeAI/Content/AnimStarterPack/UE4_Mannequin/Textures/UE4_Mannequin__normals.uasset" 395
"../../../CodeAI/Content/AnimStarterPack/UE4_Mannequin/Textures/UE4_Mannequin_MAT_MASKA.uasset" 396
"../../../CodeAI/Content/AnimStarterPack/UE4_Mannequin/Textures/UE4_Mannequin_occlusion_Mobile.uasset" 397
"../../../CodeAI/Content/AnimStarterPack/UE4_Mannequin/Materials/M_UE4Man_Body.uasset" 398
"../../../CodeAI/Content/AnimStarterPack/UE4_Mannequin/Textures/UE4Man_Logo_N.uasset" 399
"../../../CodeAI/Content/AnimStarterPack/UE4_Mannequin/Materials/M_UE4Man_ChestLogo.uasset" 400
"../../../CodeAI/Content/AnimStarterPack/UE4_Mannequin/Mesh/SK_Mannequin_PhysicsAsset.uasset" 401
"../../../CodeAI/Content/AnimStarterPack/UE4_Mannequin/Mesh/SK_Mannequin.uasset" 402
"../../../CodeAI/Content/AnimStarterPack/Showcase.umap" 403
"../../../CodeAI/Content/StarterContent/Audio/Fire01_Cue.uasset" 404
"../../../CodeAI/Content/StarterContent/Textures/T_Fire_SubUV.uasset" 405
"../../../CodeAI/Content/StarterContent/Textures/T_Fire_Tiled_D.uasset" 406
"../../../CodeAI/Content/StarterContent/Particles/Materials/M_Fire_SubUV.uasset" 407
"../../../CodeAI/Content/StarterContent/Textures/T_Water_N.uasset" 408
"../../../CodeAI/Content/StarterContent/Particles/Materials/M_Heat_Distortion.uasset" 409
"../../../CodeAI/Content/StarterContent/Particles/Materials/M_Radial_Gradient.uasset" 410
"../../../CodeAI/Content/StarterContent/Particles/P_Fire.uasset" 411
"../../../CodeAI/Content/StarterContent/Blueprints/Blueprint_Effect_Fire.uasset" 412
"../../../CodeAI/Content/StarterContent/Audio/Smoke01_Cue.uasset" 413
"../../../CodeAI/Content/StarterContent/Particles/P_Smoke.uasset" 414
"../../../CodeAI/Content/StarterContent/Blueprints/Blueprint_Effect_Smoke.uasset" 415
"../../../CodeAI/Content/StarterContent/Audio/Fire_Sparks01_Cue.uasset" 416
"../../../CodeAI/Content/StarterContent/Textures/T_Spark_Core.uasset" 417
"../../../CodeAI/Content/StarterContent/Particles/Materials/M_Spark.uasset" 418
"../../../CodeAI/Content/StarterContent/Particles/P_Sparks.uasset" 419
"../../../CodeAI/Content/StarterContent/Blueprints/Blueprint_Effect_Sparks.uasset" 420
"../../../CodeAI/Content/StarterContent/Audio/Steam01_Cue.uasset" 421
"../../../CodeAI/Content/StarterContent/Particles/P_Steam_Lit.uasset" 422
"../../../CodeAI/Content/StarterContent/Blueprints/Blueprint_Effect_Steam.uasset" 423
"../../../CodeAI/Content/StarterContent/Textures/T_Lamp_M.uasset" 424
"../../../CodeAI/Content/StarterContent/Textures/T_Lamp_N.uasset" 425
"../../../CodeAI/Content/StarterContent/Props/Materials/M_Lamp.uasset" 426
"../../../CodeAI/Content/StarterContent/Props/SM_Lamp_Ceiling.uasset" 427
"../../../CodeAI/Content/StarterContent/Blueprints/Blueprint_CeilingLight.uasset" 428
"../../../CodeAI/Content/StarterContent/Props/SM_Lamp_Wall.uasset" 429
"../../../CodeAI/Content/StarterContent/Blueprints/Blueprint_WallSconce.uasset" 430
"../../../Engine/Content/Functions/Engine_MaterialFunctions03/Procedurals/ComputeFilterWidth.uasset" 431
"../../../Engine/Content/EngineMaterials/AntiAliasedTextMaterialTranslucent.uasset" 432
"../../../CodeAI/Content/StarterContent/Textures/T_Brick_Clay_Beveled_D.uasset" 433
"../../../CodeAI/Content/StarterContent/Textures/T_Brick_Clay_Beveled_M.uasset" 434
"../../../CodeAI/Content/StarterContent/Textures/T_Brick_Clay_Beveled_N.uasset" 435
"../../../CodeAI/Content/StarterContent/Textures/T_MacroVariation.uasset" 436
"../../../CodeAI/Content/StarterContent/Materials/M_Brick_Clay_Beveled.uasset" 437
"../../../CodeAI/Content/StarterContent/Textures/T_Brick_Clay_New_D.uasset" 438
"../../../CodeAI/Content/StarterContent/Textures/T_Brick_Clay_New_M.uasset" 439
"../../../CodeAI/Content/StarterContent/Textures/T_Brick_Clay_New_N.uasset" 440
"../../../CodeAI/Content/StarterContent/Materials/M_Brick_Clay_New.uasset" 441
"../../../CodeAI/Content/StarterContent/Textures/T_Brick_Clay_Old_D.uasset" 442
"../../../CodeAI/Content/StarterContent/Textures/T_Brick_Clay_Old_N.uasset" 443
"../../../CodeAI/Content/StarterContent/Textures/T_Perlin_Noise_M.uasset" 444
"../../../CodeAI/Content/StarterContent/Materials/M_Brick_Clay_Old.uasset" 445
"../../../CodeAI/Content/StarterContent/Textures/T_Brick_Cut_Stone_D.uasset" 446
"../../../CodeAI/Content/StarterContent/Textures/T_Brick_Cut_Stone_N.uasset" 447
"../../../CodeAI/Content/StarterContent/Materials/M_Brick_Cut_Stone.uasset" 448
"../../../CodeAI/Content/StarterContent/Textures/T_Brick_Hewn_Stone_D.uasset" 449
"../../../CodeAI/Content/StarterContent/Textures/T_Brick_Hewn_Stone_M.uasset" 450
"../../../CodeAI/Content/StarterContent/Textures/T_Brick_Hewn_Stone_N.uasset" 451
"../../../CodeAI/Content/StarterContent/Materials/M_Brick_Hewn_Stone.uasset" 452
"../../../CodeAI/Content/StarterContent/Textures/T_Ceramic_Tile_M.uasset" 453
"../../../CodeAI/Content/StarterContent/Textures/T_Ceramic_Tile_N.uasset" 454
"../../../CodeAI/Content/StarterContent/Textures/T_Rock_Marble_Polished_D.uasset" 455
"../../../CodeAI/Content/StarterContent/Materials/M_Ceramic_Tile_Checker.uasset" 456
"../../../CodeAI/Content/StarterContent/Textures/T_CobbleStone_Pebble_D.uasset" 457
"../../../CodeAI/Content/StarterContent/Textures/T_CobbleStone_Pebble_M.uasset" 458
"../../../CodeAI/Content/StarterContent/Textures/T_CobbleStone_Pebble_N.uasset" 459
"../../../CodeAI/Content/StarterContent/Materials/M_CobbleStone_Pebble.uasset" 460
"../../../CodeAI/Content/StarterContent/Textures/T_CobbleStone_Rough_D.uasset" 461
"../../../CodeAI/Content/StarterContent/Textures/T_CobbleStone_Rough_N.uasset" 462
"../../../CodeAI/Content/StarterContent/Textures/T_Gradinet_01.uasset" 463
"../../../CodeAI/Content/StarterContent/Textures/T_Rock_Smooth_Granite_D.uasset" 464
"../../../CodeAI/Content/StarterContent/Materials/M_CobbleStone_Rough.uasset" 465
"../../../CodeAI/Content/StarterContent/Textures/T_CobbleStone_Smooth_D.uasset" 466
"../../../CodeAI/Content/StarterContent/Textures/T_CobbleStone_Smooth_M.uasset" 467
"../../../CodeAI/Content/StarterContent/Textures/T_CobbleStone_Smooth_N.uasset" 468
"../../../CodeAI/Content/StarterContent/Materials/M_CobbleStone_Smooth.uasset" 469
"../../../CodeAI/Content/StarterContent/Textures/T_Concrete_Grime_D.uasset" 470
"../../../CodeAI/Content/StarterContent/Textures/T_Metal_Rust_N.uasset" 471
"../../../CodeAI/Content/StarterContent/Materials/M_Concrete_Grime.uasset" 472
"../../../CodeAI/Content/StarterContent/Textures/T_Concrete_Panels_D.uasset" 473
"../../../CodeAI/Content/StarterContent/Textures/T_Concrete_Panels_N.uasset" 474
"../../../CodeAI/Content/StarterContent/Materials/M_Concrete_Panels.uasset" 475
"../../../CodeAI/Content/StarterContent/Textures/T_Concrete_Poured_D.uasset" 476
"../../../CodeAI/Content/StarterContent/Textures/T_Concrete_Poured_N.uasset" 477
"../../../CodeAI/Content/StarterContent/Materials/M_Concrete_Poured.uasset" 478
"../../../CodeAI/Content/StarterContent/Textures/T_Concrete_Tiles_D.uasset" 479
"../../../CodeAI/Content/StarterContent/Textures/T_Concrete_Tiles_M.uasset" 480
"../../../CodeAI/Content/StarterContent/Textures/T_Concrete_Tiles_N.uasset" 481
"../../../CodeAI/Content/StarterContent/Textures/T_Concrete_Tiles_Variation_M.uasset" 482
"../../../CodeAI/Content/StarterContent/Materials/M_Concrete_Tiles.uasset" 483
"../../../CodeAI/Content/StarterContent/Textures/T_Ground_Grass_D.uasset" 484
"../../../CodeAI/Content/StarterContent/Textures/T_Ground_Grass_N.uasset" 485
"../../../CodeAI/Content/StarterContent/Materials/M_Ground_Grass.uasset" 486
"../../../CodeAI/Content/StarterContent/Textures/T_Ground_Gravel_D.uasset" 487
"../../../CodeAI/Content/StarterContent/Textures/T_Ground_Gravel_N.uasset" 488
"../../../CodeAI/Content/StarterContent/Materials/M_Ground_Gravel.uasset" 489
"../../../CodeAI/Content/StarterContent/Textures/T_ground_Moss_D.uasset" 490
"../../../CodeAI/Content/StarterContent/Textures/T_Ground_Moss_N.uasset" 491
"../../../CodeAI/Content/StarterContent/Materials/M_Ground_Moss.uasset" 492
"../../../CodeAI/Content/StarterContent/Materials/M_Metal_Brushed_Nickel.uasset" 493
"../../../CodeAI/Content/StarterContent/Textures/T_Metal_Aluminum_D.uasset" 494
"../../../CodeAI/Content/StarterContent/Textures/T_Metal_Gold_N.uasset" 495
"../../../CodeAI/Content/StarterContent/Materials/M_Metal_Burnished_Steel.uasset" 496
"../../../CodeAI/Content/StarterContent/Materials/M_Metal_Chrome.uasset" 497
"../../../CodeAI/Content/StarterContent/Textures/T_Metal_Copper_D.uasset" 498
"../../../CodeAI/Content/StarterContent/Materials/M_Metal_Copper.uasset" 499
"../../../CodeAI/Content/StarterContent/Textures/T_Metal_Gold_D.uasset" 500
"../../../CodeAI/Content/StarterContent/Materials/M_Metal_Gold.uasset" 501
"../../../CodeAI/Content/StarterContent/Textures/T_Metal_Rust_D.uasset" 502
"../../../CodeAI/Content/StarterContent/Materials/M_Metal_Rust.uasset" 503
"../../../CodeAI/Content/StarterContent/Textures/T_Metal_Steel_D.uasset" 504
"../../../CodeAI/Content/StarterContent/Textures/T_Metal_Steel_N.uasset" 505
"../../../CodeAI/Content/StarterContent/Materials/M_Metal_Steel.uasset" 506
"../../../CodeAI/Content/StarterContent/Textures/T_Rock_Basalt_N.uasset" 507
"../../../CodeAI/Content/StarterContent/Materials/M_Rock_Basalt.uasset" 508
"../../../CodeAI/Content/StarterContent/Materials/M_Rock_Marble_Polished.uasset" 509
"../../../CodeAI/Content/StarterContent/Textures/T_Rock_Sandstone_D.uasset" 510
"../../../CodeAI/Content/StarterContent/Textures/T_Rock_Sandstone_N.uasset" 511
"../../../CodeAI/Content/StarterContent/Materials/M_Rock_Sandstone.uasset" 512
"../../../CodeAI/Content/StarterContent/Textures/T_Rock_Slate_D.uasset" 513
"../../../CodeAI/Content/StarterContent/Textures/T_Rock_Slate_N.uasset" 514
"../../../CodeAI/Content/StarterContent/Materials/M_Rock_Slate.uasset" 515
"../../../CodeAI/Content/StarterContent/Textures/T_Checker_Noise_M.uasset" 516
"../../../CodeAI/Content/StarterContent/Textures/T_Single_Tile_N.uasset" 517
"../../../CodeAI/Content/StarterContent/Textures/T_Tech_Dot_M.uasset" 518
"../../../CodeAI/Content/StarterContent/Textures/T_Tech_Dot_N.uasset" 519
"../../../CodeAI/Content/StarterContent/Materials/M_Tech_Checker_Dot.uasset" 520
"../../../CodeAI/Content/StarterContent/Textures/T_Tech_Hex_Tile_M.uasset" 521
"../../../CodeAI/Content/StarterContent/Textures/T_Tech_Hex_Tile_N.uasset" 522
"../../../CodeAI/Content/StarterContent/Materials/M_Tech_Hex_Tile.uasset" 523
"../../../CodeAI/Content/StarterContent/Materials/M_Tech_Hex_Tile_Pulse.uasset" 524
"../../../CodeAI/Content/StarterContent/Textures/T_Tech_Panel_M.uasset" 525
"../../../CodeAI/Content/StarterContent/Textures/T_Tech_Panel_N.uasset" 526
"../../../CodeAI/Content/StarterContent/Materials/M_Tech_Panel.uasset" 527
"../../../CodeAI/Content/StarterContent/Materials/M_Water_Lake.uasset" 528
"../../../CodeAI/Content/StarterContent/Textures/T_Water_M.uasset" 529
"../../../CodeAI/Content/StarterContent/Materials/M_Water_Ocean.uasset" 530
"../../../CodeAI/Content/StarterContent/Textures/T_Wood_Floor_Walnut_D.uasset" 531
"../../../CodeAI/Content/StarterContent/Textures/T_Wood_Floor_Walnut_M.uasset" 532
"../../../CodeAI/Content/StarterContent/Textures/T_Wood_Floor_Walnut_N.uasset" 533
"../../../CodeAI/Content/StarterContent/Materials/M_Wood_Floor_Walnut_Polished.uasset" 534
"../../../Engine/Content/Functions/Engine_MaterialFunctions01/Opacity/AlphaOffset.uasset" 535
"../../../CodeAI/Content/StarterContent/Materials/M_Wood_Floor_Walnut_Worn.uasset" 536
"../../../CodeAI/Content/StarterContent/Textures/T_Wood_Oak_D.uasset" 537
"../../../CodeAI/Content/StarterContent/Textures/T_Wood_Oak_N.uasset" 538
"../../../CodeAI/Content/StarterContent/Materials/M_Wood_Oak.uasset" 539
"../../../CodeAI/Content/StarterContent/Textures/T_Wood_Pine_D.uasset" 540
"../../../CodeAI/Content/StarterContent/Textures/T_Wood_Pine_N.uasset" 541
"../../../CodeAI/Content/StarterContent/Materials/M_Wood_Pine.uasset" 542
"../../../CodeAI/Content/StarterContent/Textures/T_Wood_Walnut_D.uasset" 543
"../../../CodeAI/Content/StarterContent/Textures/T_Wood_Walnut_N.uasset" 544
"../../../CodeAI/Content/StarterContent/Materials/M_Wood_Walnut.uasset" 545
"../../../CodeAI/Content/StarterContent/Architecture/Floor_400x400.uasset" 546
"../../../CodeAI/Content/StarterContent/Architecture/Wall_400x200.uasset" 547
"../../../CodeAI/Content/StarterContent/Architecture/Wall_Door_400x300.uasset" 548
"../../../CodeAI/Content/StarterContent/Architecture/Wall_Window_400x300.uasset" 549
"../../../CodeAI/Content/StarterContent/Audio/Collapse_Cue.uasset" 550
"../../../CodeAI/Content/StarterContent/Audio/Starter_Background_Cue.uasset" 551
"../../../CodeAI/Content/StarterContent/Audio/Starter_Music_Cue.uasset" 552
"../../../CodeAI/Content/StarterContent/Textures/T_Dust_Particle_D.uasset" 553
"../../../CodeAI/Content/StarterContent/Particles/Materials/M_Dust_Particle.uasset" 554
"../../../CodeAI/Content/StarterContent/Particles/P_Ambient_Dust.uasset" 555
"../../../CodeAI/Content/StarterContent/Props/MaterialSphere.uasset" 556
"../../../CodeAI/Content/StarterContent/Props/SM_Chair.uasset" 557
"../../../CodeAI/Content/StarterContent/Textures/T_Frame_M.uasset" 558
"../../../CodeAI/Content/StarterContent/Textures/T_Frame_N.uasset" 559
"../../../CodeAI/Content/StarterContent/Props/Materials/M_Frame.uasset" 560
"../../../CodeAI/Content/StarterContent/Props/SM_CornerFrame.uasset" 561
"../../../CodeAI/Content/StarterContent/Props/SM_DoorFrame.uasset" 562
"../../../CodeAI/Content/StarterContent/Props/SM_GlassWindow.uasset" 563
"../../../CodeAI/Content/StarterContent/Props/SM_PillarFrame.uasset" 564
"../../../CodeAI/Content/StarterContent/Props/SM_PillarFrame300.uasset" 565
"../../../CodeAI/Content/StarterContent/Textures/T_Statue_M.uasset" 566
"../../../CodeAI/Content/StarterContent/Textures/T_Statue_N.uasset" 567
"../../../CodeAI/Content/StarterContent/Props/Materials/M_Statue.uasset" 568
"../../../CodeAI/Content/StarterContent/Props/Materials/M_StatueGlass.uasset" 569
"../../../CodeAI/Content/StarterContent/Props/SM_Statue.uasset" 570
"../../../CodeAI/Content/StarterContent/Textures/T_TableRound_M.uasset" 571
"../../../CodeAI/Content/StarterContent/Textures/T_TableRound_N.uasset" 572
"../../../CodeAI/Content/StarterContent/Props/Materials/M_TableRound.uasset" 573
"../../../CodeAI/Content/StarterContent/Props/SM_TableRound.uasset" 574
"../../../CodeAI/Content/StarterContent/Props/SM_WindowFrame.uasset" 575
"../../../CodeAI/Content/StarterContent/Shapes/Shape_Cube.uasset" 576
"../../../CodeAI/Content/StarterContent/Shapes/Shape_QuadPyramid.uasset" 577
"../../../CodeAI/Content/StarterContent/Shapes/Shape_Sphere.uasset" 578
"../../../CodeAI/Content/StarterContent/Maps/StarterMap.umap" 579
"../../../CodeAI/Content/ThirdPersonCPP/Blueprints/LevelProps/WallCorner_BP.uasset" 580
"../../../CodeAI/Content/ThirdPersonCPP/Blueprints/PerceptionAI/BP_BotTargetPoint.uasset" 581
"../../../CodeAI/Content/AnimStarterPack/Idle_Pistol.uasset" 582
"../../../CodeAI/Content/AnimStarterPack/Jump_From_Jog.uasset" 583
"../../../CodeAI/Content/AnimStarterPack/Jump_From_Stand.uasset" 584
"../../../CodeAI/Content/AnimStarterPack/Prone_Idle.uasset" 585
"../../../CodeAI/Content/AnimStarterPack/Sprint_Fwd_Rifle.uasset" 586
"../../../CodeAI/Content/AnimStarterPack/Crouch_Walk_Bwd_Rifle_Hip.uasset" 587
"../../../CodeAI/Content/AnimStarterPack/Crouch_Walk_Fwd_Rifle_Hip.uasset" 588
"../../../CodeAI/Content/AnimStarterPack/Crouch_Walk_Lt_Rifle_Hip.uasset" 589
"../../../CodeAI/Content/AnimStarterPack/Crouch_Walk_Rt_Rifle_Hip.uasset" 590
"../../../CodeAI/Content/AnimStarterPack/BS_CrouchWalk.uasset" 591
"../../../CodeAI/Content/AnimStarterPack/Jog_Bwd_Rifle.uasset" 592
"../../../CodeAI/Content/AnimStarterPack/Jog_Fwd_Rifle.uasset" 593
"../../../CodeAI/Content/AnimStarterPack/Jog_Lt_Rifle.uasset" 594
"../../../CodeAI/Content/AnimStarterPack/Jog_Rt_Rifle.uasset" 595
"../../../CodeAI/Content/AnimStarterPack/BS_Jog.uasset" 596
"../../../CodeAI/Content/AnimStarterPack/Ue4ASP_Character.uasset" 597
"../../../CodeAI/Content/AnimStarterPack/Death_1.uasset" 598
"../../../CodeAI/Content/AnimStarterPack/Death_2.uasset" 599
"../../../CodeAI/Content/AnimStarterPack/Death_3.uasset" 600
"../../../CodeAI/Content/AnimStarterPack/Hit_React_4.uasset" 601
"../../../CodeAI/Content/AnimStarterPack/Prone_To_Stand.uasset" 602
"../../../CodeAI/Content/Audio/EnteredCover.uasset" 603
"../../../CodeAI/Content/Audio/InventoryOpen.uasset" 604
"../../../CodeAI/Content/Audio/PausedSound.uasset" 605
"../../../CodeAI/Content/Audio/ItemChange.uasset" 606
"../../../CodeAI/Content/Audio/ItemEquip.uasset" 607
"../../../CodeAI/Content/Audio/ItemUnequip.uasset" 608
"../../../CodeAI/Content/Audio/PlayerDead.uasset" 609
"../../../CodeAI/Content/Audio/PlayerHurt_1.uasset" 610
"../../../CodeAI/Content/Audio/PlayerHurt_2.uasset" 611
"../../../CodeAI/Content/Audio/PlayerKnock.uasset" 612
"../../../CodeAI/Content/ThirdPersonCPP/Blueprints/TopDownCharacter.uasset" 613
"../../../CodeAI/Content/Audio/PlayerFootStep_2.uasset" 614
"../../../CodeAI/Content/AnimStarterPack/UE4ASP_HeroTPP_AnimBlueprint.uasset" 615
"../../../CodeAI/Content/ThirdPersonCPP/Blueprints/PerceptionAI/Blackboard.uasset" 616
"../../../CodeAI/Content/ThirdPersonCPP/Blueprints/PerceptionAI/Behavior_Patrol.uasset" 617
"../../../CodeAI/Content/ThirdPersonCPP/Blueprints/MiniMapComponent.uasset" 618
"../../../CodeAI/Content/ThirdPersonCPP/Blueprints/PerceptionAI/MyAIController.uasset" 619
"../../../CodeAI/Content/Audio/EnemyDamaged.uasset" 620
"../../../CodeAI/Content/Audio/EnemyHeldUp.uasset" 621
"../../../CodeAI/Content/Audio/EnemyKilled.uasset" 622
"../../../CodeAI/Content/Audio/PlayerFound.uasset" 623
"../../../CodeAI/Content/Audio/SoundHeard.uasset" 624
"../../../CodeAI/Content/ThirdPersonCPP/Blueprints/PerceptionAI/BP_MGS_AI.uasset" 625
"../../../CodeAI/Content/Audio/Cavern.uasset" 626
"../../../CodeAI/Content/Audio/Encounter.uasset" 627
"../../../CodeAI/Content/ThirdPersonCPP/Blueprints/AudioManager_BP.uasset" 628
"../../../CodeAI/Content/Mannequin/Character/Textures/UE4_LOGO_CARD.uasset" 629
"../../../CodeAI/Content/ThirdPersonCPP/Blueprints/GameItems/BaseClasses/InventoryItem_BP.uasset" 630
"../../../CodeAI/Content/Textures/KNIFE.uasset" 631
"../../../CodeAI/Content/ThirdPersonCPP/Blueprints/GameItems/Knife.uasset" 632
"../../../CodeAI/Content/Audio/GunShot.uasset" 633
"../../../CodeAI/Content/Audio/OutOfAmmo.uasset" 634
"../../../CodeAI/Content/ThirdPersonCPP/Blueprints/GameItems/BaseClasses/WeaponItem_BP.uasset" 635
"../../../CodeAI/Content/Audio/Gunshot_Rifle.uasset" 636
"../../../CodeAI/Content/Models/M4A1/Tex_0012_1_dds.uasset" 637
"../../../CodeAI/Content/Models/M9/Tex_0009_1.uasset" 638
"../../../CodeAI/Content/Models/M9/Tex_0009_1_dds.uasset" 639
"../../../CodeAI/Content/Models/M4A1/M4A1.uasset" 640
"../../../CodeAI/Content/Textures/M4.uasset" 641
"../../../CodeAI/Content/ThirdPersonCPP/Blueprints/GameItems/M4.uasset" 642
"../../../CodeAI/Content/ThirdPersonCPP/Blueprints/GameItems/BaseClasses/AmmoItem_BP.uasset" 643
"../../../CodeAI/Content/ThirdPersonCPP/Blueprints/GameItems/M4_Ammo.uasset" 644
"../../../CodeAI/Content/ThirdPersonCPP/Blueprints/GameItems/None_Item.uasset" 645
"../../../CodeAI/Content/ThirdPersonCPP/Blueprints/GameItems/BaseClasses/StackableGameItem_BP.uasset" 646
"../../../CodeAI/Content/Audio/HealthRegen.uasset" 647
"../../../CodeAI/Content/Textures/RATION.uasset" 648
"../../../CodeAI/Content/ThirdPersonCPP/Blueprints/GameItems/Ration.uasset" 649
"../../../CodeAI/Content/Audio/GunShot_Silenced.uasset" 650
"../../../CodeAI/Content/Models/M9/M9.uasset" 651
"../../../CodeAI/Content/Textures/SOCOM.uasset" 652
"../../../CodeAI/Content/ThirdPersonCPP/Blueprints/GameItems/USP-45.uasset" 653
"../../../CodeAI/Content/ThirdPersonCPP/Blueprints/GameItems/USP-45_Ammo.uasset" 654
"../../../CodeAI/Content/ThirdPersonCPP/Blueprints/LevelProps/CornerManager_BP.uasset" 655
"../../../CodeAI/Content/Textures/ConcreteWall_1.uasset" 656
"../../../CodeAI/Content/Textures/ConcreteWall_1_Mat.uasset" 657
"../../../CodeAI/Content/ThirdPersonCPP/Blueprints/LevelProps/MGSCube_BP.uasset" 658
"../../../CodeAI/Content/Textures/ConcreteWall_2.uasset" 659
"../../../CodeAI/Content/Textures/ConcreteWall_2_Mat.uasset" 660
"../../../CodeAI/Content/ThirdPersonCPP/Blueprints/LevelProps/MGSWall.uasset" 661
"../../../CodeAI/Content/Textures/ConcreteWall_3.uasset" 662
"../../../CodeAI/Content/Textures/ConcreteWall_3_Mat.uasset" 663
"../../../Engine/Content/MapTemplates/SM_Template_Map_Floor.uasset" 664
"../../../CodeAI/Content/ThirdPersonCPP/Maps/FirstLevel.umap" 665
"../../../CodeAI/Content/ThirdPersonCPP/Maps/MGS_Map.umap" 666
"../../../CodeAI/Content/StarterContent/Maps/Minimal_Default.umap" 667
